<?xml version="1.0" encoding="UTF-8"?>
<!-- Generated by org.testng.reporters.JUnitXMLReporter -->
<testsuite ignored="0" hostname="LonniesPC" failures="0" tests="3" name="E-Commerce App" time="76.612" errors="0" timestamp="2021-11-25T10:27:47 MST">
  <testcase classname="ApiAppPractice.ApiAppTests" name="canEnableWifi" time="22.559"/>
  <testcase classname="ApiAppPractice.ApiAppTests" name="canEnableWifi" time="21.592"/>
  <testcase classname="EcommerceAppPractice.ECommerceAppTests" name="totalIsCorrectInCart" time="32.417"/>
</testsuite> <!-- E-Commerce App -->
