<?xml version="1.0" encoding="UTF-8"?>
<testng-results ignored="0" total="3" passed="3" failed="0" skipped="0">
  <reporter-output>
  </reporter-output>
  <suite started-at="2021-11-25T10:26:31 MST" name="E-Commerce App" finished-at="2021-11-25T10:27:47 MST" duration-ms="76612">
    <groups>
    </groups>
    <test started-at="2021-11-25T10:26:31 MST" name="E-Commerce App" finished-at="2021-11-25T10:27:47 MST" duration-ms="76612">
      <class name="EcommerceAppPractice.ECommerceAppTests">
        <test-method is-config="true" signature="setupTest()[pri:0, instance:EcommerceAppPractice.ECommerceAppTests@4d0f2471]" started-at="2021-11-25T10:26:31 MST" name="setupTest" finished-at="2021-11-25T10:26:31 MST" duration-ms="13" status="PASS">
          <reporter-output>
          </reporter-output>
        </test-method> <!-- setupTest -->
        <test-method signature="totalIsCorrectInCart()[pri:0, instance:EcommerceAppPractice.ECommerceAppTests@4d0f2471]" started-at="2021-11-25T10:27:15 MST" name="totalIsCorrectInCart" finished-at="2021-11-25T10:27:47 MST" duration-ms="32417" status="PASS">
          <reporter-output>
          </reporter-output>
        </test-method> <!-- totalIsCorrectInCart -->
      </class> <!-- EcommerceAppPractice.ECommerceAppTests -->
      <class name="ApiAppPractice.ApiAppTests">
        <test-method signature="canEnableWifi(java.lang.String)[pri:0, instance:ApiAppPractice.ApiAppTests@50ad3bc1]" started-at="2021-11-25T10:26:31 MST" name="canEnableWifi" data-provider="EmailNames" finished-at="2021-11-25T10:26:53 MST" duration-ms="22559" status="PASS">
          <params>
            <param index="0">
              <value>
                <![CDATA[This is my WiFi homie.]]>
              </value>
            </param>
          </params>
          <reporter-output>
          </reporter-output>
        </test-method> <!-- canEnableWifi -->
        <test-method signature="canEnableWifi(java.lang.String)[pri:0, instance:ApiAppPractice.ApiAppTests@50ad3bc1]" started-at="2021-11-25T10:26:53 MST" name="canEnableWifi" data-provider="EmailNames" finished-at="2021-11-25T10:27:15 MST" duration-ms="21592" status="PASS">
          <params>
            <param index="0">
              <value>
                <![CDATA[D0e$ th!s W!F! W0rk?]]>
              </value>
            </param>
          </params>
          <reporter-output>
          </reporter-output>
        </test-method> <!-- canEnableWifi -->
      </class> <!-- ApiAppPractice.ApiAppTests -->
    </test> <!-- E-Commerce App -->
  </suite> <!-- E-Commerce App -->
</testng-results>
